# JRE version: Java(TM) SE Runtime Environment (8.0_60-b27) (build 1.8.0_60-b27)
# Java VM: Java HotSpot(TM) 64-Bit Server VM (25.60-b23 mixed mode linux-amd64 compressed oops)
Heap:
 PSYoungGen      total 240128K, used 32648K [0x00000000ebe00000, 0x00000000fd900000, 0x0000000100000000)
  eden space 191488K, 0% used [0x00000000ebe00000,0x00000000ebe00000,0x00000000f7900000)
  from space 48640K, 67% used [0x00000000f7900000,0x00000000f98e2320,0x00000000fa880000)
  to   space 48640K, 0% used [0x00000000fa880000,0x00000000fa880000,0x00000000fd800000)
 ParOldGen       total 107520K, used 73529K [0x00000000c3a00000, 0x00000000ca300000, 0x00000000ebe00000)
  object space 107520K, 68% used [0x00000000c3a00000,0x00000000c81ce628,0x00000000ca300000)
 Metaspace       used 17401K, capacity 17602K, committed 17920K, reserved 1064960K
  class space    used 2163K, capacity 2258K, committed 2304K, reserved 1048576K
GC Heap History (10 events):
Event: 2257.257 GC heap after
Heap after GC invocations=18 (full 2):
 PSYoungGen      total 208896K, used 32584K [0x00000000ebe00000, 0x00000000fb980000, 0x0000000100000000)
  eden space 161280K, 0% used [0x00000000ebe00000,0x00000000ebe00000,0x00000000f5b80000)
  from space 47616K, 68% used [0x00000000f8a80000,0x00000000faa52320,0x00000000fb900000)
  to   space 48128K, 0% used [0x00000000f5b80000,0x00000000f5b80000,0x00000000f8a80000)
 ParOldGen       total 107520K, used 73529K [0x00000000c3a00000, 0x00000000ca300000, 0x00000000ebe00000)
  object space 107520K, 68% used [0x00000000c3a00000,0x00000000c81ce628,0x00000000ca300000)
 Metaspace       used 17390K, capacity 17602K, committed 17920K, reserved 1064960K
  class space    used 2163K, capacity 2258K, committed 2304K, reserved 1048576K
}
Event: 2257.614 GC heap before
{Heap before GC invocations=19 (full 2):
 PSYoungGen      total 208896K, used 193864K [0x00000000ebe00000, 0x00000000fb980000, 0x0000000100000000)
  eden space 161280K, 100% used [0x00000000ebe00000,0x00000000f5b80000,0x00000000f5b80000)
  from space 47616K, 68% used [0x00000000f8a80000,0x00000000faa52320,0x00000000fb900000)
  to   space 48128K, 0% used [0x00000000f5b80000,0x00000000f5b80000,0x00000000f8a80000)
 ParOldGen       total 107520K, used 73529K [0x00000000c3a00000, 0x00000000ca300000, 0x00000000ebe00000)
  object space 107520K, 68% used [0x00000000c3a00000,0x00000000c81ce628,0x00000000ca300000)
 Metaspace       used 17390K, capacity 17602K, committed 17920K, reserved 1064960K
  class space    used 2163K, capacity 2258K, committed 2304K, reserved 1048576K
Event: 2257.630 GC heap after
Heap after GC invocations=19 (full 2):
 PSYoungGen      total 209408K, used 32584K [0x00000000ebe00000, 0x00000000fc900000, 0x0000000100000000)
  eden space 161280K, 0% used [0x00000000ebe00000,0x00000000ebe00000,0x00000000f5b80000)
  from space 48128K, 67% used [0x00000000f5b80000,0x00000000f7b52320,0x00000000f8a80000)
  to   space 48640K, 0% used [0x00000000f9980000,0x00000000f9980000,0x00000000fc900000)
 ParOldGen       total 107520K, used 73529K [0x00000000c3a00000, 0x00000000ca300000, 0x00000000ebe00000)
  object space 107520K, 68% used [0x00000000c3a00000,0x00000000c81ce628,0x00000000ca300000)
 Metaspace       used 17390K, capacity 17602K, committed 17920K, reserved 1064960K
  class space    used 2163K, capacity 2258K, committed 2304K, reserved 1048576K
}
Event: 2257.962 GC heap before
{Heap before GC invocations=20 (full 2):
 PSYoungGen      total 209408K, used 193864K [0x00000000ebe00000, 0x00000000fc900000, 0x0000000100000000)
  eden space 161280K, 100% used [0x00000000ebe00000,0x00000000f5b80000,0x00000000f5b80000)
  from space 48128K, 67% used [0x00000000f5b80000,0x00000000f7b52320,0x00000000f8a80000)
  to   space 48640K, 0% used [0x00000000f9980000,0x00000000f9980000,0x00000000fc900000)
 ParOldGen       total 107520K, used 73529K [0x00000000c3a00000, 0x00000000ca300000, 0x00000000ebe00000)
  object space 107520K, 68% used [0x00000000c3a00000,0x00000000c81ce628,0x00000000ca300000)
 Metaspace       used 17390K, capacity 17602K, committed 17920K, reserved 1064960K
  class space    used 2163K, capacity 2258K, committed 2304K, reserved 1048576K
Event: 2257.976 GC heap after
Heap after GC invocations=20 (full 2):
 PSYoungGen      total 222720K, used 32648K [0x00000000ebe00000, 0x00000000fc800000, 0x0000000100000000)
  eden space 175104K, 0% used [0x00000000ebe00000,0x00000000ebe00000,0x00000000f6900000)
  from space 47616K, 68% used [0x00000000f9980000,0x00000000fb962320,0x00000000fc800000)
  to   space 48640K, 0% used [0x00000000f6900000,0x00000000f6900000,0x00000000f9880000)
 ParOldGen       total 107520K, used 73529K [0x00000000c3a00000, 0x00000000ca300000, 0x00000000ebe00000)
  object space 107520K, 68% used [0x00000000c3a00000,0x00000000c81ce628,0x00000000ca300000)
 Metaspace       used 17390K, capacity 17602K, committed 17920K, reserved 1064960K
  class space    used 2163K, capacity 2258K, committed 2304K, reserved 1048576K
}
Event: 2258.456 GC heap before
{Heap before GC invocations=21 (full 2):
 PSYoungGen      total 222720K, used 207752K [0x00000000ebe00000, 0x00000000fc800000, 0x0000000100000000)
  eden space 175104K, 100% used [0x00000000ebe00000,0x00000000f6900000,0x00000000f6900000)
  from space 47616K, 68% used [0x00000000f9980000,0x00000000fb962320,0x00000000fc800000)
  to   space 48640K, 0% used [0x00000000f6900000,0x00000000f6900000,0x00000000f9880000)
 ParOldGen       total 107520K, used 73529K [0x00000000c3a00000, 0x00000000ca300000, 0x00000000ebe00000)
  object space 107520K, 68% used [0x00000000c3a00000,0x00000000c81ce628,0x00000000ca300000)
 Metaspace       used 17391K, capacity 17602K, committed 17920K, reserved 1064960K
  class space    used 2163K, capacity 2258K, committed 2304K, reserved 1048576K
Event: 2258.514 GC heap after
Heap after GC invocations=21 (full 2):
 PSYoungGen      total 223744K, used 32616K [0x00000000ebe00000, 0x00000000fd800000, 0x0000000100000000)
  eden space 175104K, 0% used [0x00000000ebe00000,0x00000000ebe00000,0x00000000f6900000)
  from space 48640K, 67% used [0x00000000f6900000,0x00000000f88da320,0x00000000f9880000)
  to   space 48640K, 0% used [0x00000000fa880000,0x00000000fa880000,0x00000000fd800000)
 ParOldGen       total 107520K, used 73529K [0x00000000c3a00000, 0x00000000ca300000, 0x00000000ebe00000)
  object space 107520K, 68% used [0x00000000c3a00000,0x00000000c81ce628,0x00000000ca300000)
 Metaspace       used 17391K, capacity 17602K, committed 17920K, reserved 1064960K
  class space    used 2163K, capacity 2258K, committed 2304K, reserved 1048576K
}
Event: 2258.865 GC heap before
{Heap before GC invocations=22 (full 2):
 PSYoungGen      total 223744K, used 207720K [0x00000000ebe00000, 0x00000000fd800000, 0x0000000100000000)
  eden space 175104K, 100% used [0x00000000ebe00000,0x00000000f6900000,0x00000000f6900000)
  from space 48640K, 67% used [0x00000000f6900000,0x00000000f88da320,0x00000000f9880000)
  to   space 48640K, 0% used [0x00000000fa880000,0x00000000fa880000,0x00000000fd800000)
 ParOldGen       total 107520K, used 73529K [0x00000000c3a00000, 0x00000000ca300000, 0x00000000ebe00000)
  object space 107520K, 68% used [0x00000000c3a00000,0x00000000c81ce628,0x00000000ca300000)
 Metaspace       used 17401K, capacity 17602K, committed 17920K, reserved 1064960K
  class space    used 2163K, capacity 2258K, committed 2304K, reserved 1048576K
Event: 2258.897 GC heap after
Heap after GC invocations=22 (full 2):
 PSYoungGen      total 240128K, used 32648K [0x00000000ebe00000, 0x00000000fd900000, 0x0000000100000000)
  eden space 191488K, 0% used [0x00000000ebe00000,0x00000000ebe00000,0x00000000f7900000)
  from space 48640K, 67% used [0x00000000fa880000,0x00000000fc862320,0x00000000fd800000)
  to   space 48640K, 0% used [0x00000000f7900000,0x00000000f7900000,0x00000000fa880000)
 ParOldGen       total 107520K, used 73529K [0x00000000c3a00000, 0x00000000ca300000, 0x00000000ebe00000)
  object space 107520K, 68% used [0x00000000c3a00000,0x00000000c81ce628,0x00000000ca300000)
 Metaspace       used 17401K, capacity 17602K, committed 17920K, reserved 1064960K
  class space    used 2163K, capacity 2258K, committed 2304K, reserved 1048576K
}
Event: 2260.667 GC heap before
{Heap before GC invocations=23 (full 2):
 PSYoungGen      total 240128K, used 224136K [0x00000000ebe00000, 0x00000000fd900000, 0x0000000100000000)
  eden space 191488K, 100% used [0x00000000ebe00000,0x00000000f7900000,0x00000000f7900000)
  from space 48640K, 67% used [0x00000000fa880000,0x00000000fc862320,0x00000000fd800000)
  to   space 48640K, 0% used [0x00000000f7900000,0x00000000f7900000,0x00000000fa880000)
 ParOldGen       total 107520K, used 73529K [0x00000000c3a00000, 0x00000000ca300000, 0x00000000ebe00000)
  object space 107520K, 68% used [0x00000000c3a00000,0x00000000c81ce628,0x00000000ca300000)
 Metaspace       used 17401K, capacity 17602K, committed 17920K, reserved 1064960K
  class space    used 2163K, capacity 2258K, committed 2304K, reserved 1048576K

