# JRE version: Java(TM) SE Runtime Environment (8.0_60-b27) (build 1.8.0_60-b27)
# Java VM: Java HotSpot(TM) 64-Bit Server VM (25.60-b23 mixed mode linux-amd64 compressed oops)
Heap:
 PSYoungGen      total 284672K, used 21501K [0x00000000e0400000, 0x00000000f2f00000, 0x0000000100000000)
  eden space 263168K, 0% used [0x00000000e0400000,0x00000000e0400000,0x00000000f0500000)
  from space 21504K, 99% used [0x00000000f0500000,0x00000000f19ff550,0x00000000f1a00000)
  to   space 21504K, 0% used [0x00000000f1a00000,0x00000000f1a00000,0x00000000f2f00000)
 ParOldGen       total 349696K, used 347706K [0x00000000a0c00000, 0x00000000b6180000, 0x00000000e0400000)
  object space 349696K, 99% used [0x00000000a0c00000,0x00000000b5f8e940,0x00000000b6180000)
 Metaspace       used 18166K, capacity 18394K, committed 18560K, reserved 1064960K
  class space    used 2248K, capacity 2330K, committed 2432K, reserved 1048576K
GC Heap History (9 events):
Event: 50.156 GC heap before
{Heap before GC invocations=1 (full 0):
 PSYoungGen      total 153088K, used 131584K [0x00000000e0400000, 0x00000000eae80000, 0x0000000100000000)
  eden space 131584K, 100% used [0x00000000e0400000,0x00000000e8480000,0x00000000e8480000)
  from space 21504K, 0% used [0x00000000e9980000,0x00000000e9980000,0x00000000eae80000)
  to   space 21504K, 0% used [0x00000000e8480000,0x00000000e8480000,0x00000000e9980000)
 ParOldGen       total 349696K, used 0K [0x00000000a0c00000, 0x00000000b6180000, 0x00000000e0400000)
  object space 349696K, 0% used [0x00000000a0c00000,0x00000000a0c00000,0x00000000b6180000)
 Metaspace       used 18150K, capacity 18394K, committed 18560K, reserved 1064960K
  class space    used 2248K, capacity 2330K, committed 2432K, reserved 1048576K
Event: 50.200 GC heap after
Heap after GC invocations=1 (full 0):
 PSYoungGen      total 153088K, used 21488K [0x00000000e0400000, 0x00000000eae80000, 0x0000000100000000)
  eden space 131584K, 0% used [0x00000000e0400000,0x00000000e0400000,0x00000000e8480000)
  from space 21504K, 99% used [0x00000000e8480000,0x00000000e997c150,0x00000000e9980000)
  to   space 21504K, 0% used [0x00000000e9980000,0x00000000e9980000,0x00000000eae80000)
 ParOldGen       total 349696K, used 19074K [0x00000000a0c00000, 0x00000000b6180000, 0x00000000e0400000)
  object space 349696K, 5% used [0x00000000a0c00000,0x00000000a1ea0b78,0x00000000b6180000)
 Metaspace       used 18150K, capacity 18394K, committed 18560K, reserved 1064960K
  class space    used 2248K, capacity 2330K, committed 2432K, reserved 1048576K
}
Event: 50.272 GC heap before
{Heap before GC invocations=2 (full 0):
 PSYoungGen      total 153088K, used 153072K [0x00000000e0400000, 0x00000000eae80000, 0x0000000100000000)
  eden space 131584K, 100% used [0x00000000e0400000,0x00000000e8480000,0x00000000e8480000)
  from space 21504K, 99% used [0x00000000e8480000,0x00000000e997c150,0x00000000e9980000)
  to   space 21504K, 0% used [0x00000000e9980000,0x00000000e9980000,0x00000000eae80000)
 ParOldGen       total 349696K, used 19074K [0x00000000a0c00000, 0x00000000b6180000, 0x00000000e0400000)
  object space 349696K, 5% used [0x00000000a0c00000,0x00000000a1ea0b78,0x00000000b6180000)
 Metaspace       used 18163K, capacity 18394K, committed 18560K, reserved 1064960K
  class space    used 2248K, capacity 2330K, committed 2432K, reserved 1048576K
Event: 50.311 GC heap after
Heap after GC invocations=2 (full 0):
 PSYoungGen      total 153088K, used 21496K [0x00000000e0400000, 0x00000000f2f00000, 0x0000000100000000)
  eden space 131584K, 0% used [0x00000000e0400000,0x00000000e0400000,0x00000000e8480000)
  from space 21504K, 99% used [0x00000000e9980000,0x00000000eae7e018,0x00000000eae80000)
  to   space 21504K, 0% used [0x00000000e8480000,0x00000000e8480000,0x00000000e9980000)
 ParOldGen       total 349696K, used 88502K [0x00000000a0c00000, 0x00000000b6180000, 0x00000000e0400000)
  object space 349696K, 25% used [0x00000000a0c00000,0x00000000a626db08,0x00000000b6180000)
 Metaspace       used 18163K, capacity 18394K, committed 18560K, reserved 1064960K
  class space    used 2248K, capacity 2330K, committed 2432K, reserved 1048576K
}
Event: 50.378 GC heap before
{Heap before GC invocations=3 (full 0):
 PSYoungGen      total 153088K, used 153080K [0x00000000e0400000, 0x00000000f2f00000, 0x0000000100000000)
  eden space 131584K, 100% used [0x00000000e0400000,0x00000000e8480000,0x00000000e8480000)
  from space 21504K, 99% used [0x00000000e9980000,0x00000000eae7e018,0x00000000eae80000)
  to   space 21504K, 0% used [0x00000000e8480000,0x00000000e8480000,0x00000000e9980000)
 ParOldGen       total 349696K, used 88502K [0x00000000a0c00000, 0x00000000b6180000, 0x00000000e0400000)
  object space 349696K, 25% used [0x00000000a0c00000,0x00000000a626db08,0x00000000b6180000)
 Metaspace       used 18164K, capacity 18394K, committed 18560K, reserved 1064960K
  class space    used 2248K, capacity 2330K, committed 2432K, reserved 1048576K
Event: 50.429 GC heap after
Heap after GC invocations=3 (full 0):
 PSYoungGen      total 153088K, used 21484K [0x00000000e0400000, 0x00000000f2f00000, 0x0000000100000000)
  eden space 131584K, 0% used [0x00000000e0400000,0x00000000e0400000,0x00000000e8480000)
  from space 21504K, 99% used [0x00000000e8480000,0x00000000e997b0c0,0x00000000e9980000)
  to   space 21504K, 0% used [0x00000000f1a00000,0x00000000f1a00000,0x00000000f2f00000)
 ParOldGen       total 349696K, used 153978K [0x00000000a0c00000, 0x00000000b6180000, 0x00000000e0400000)
  object space 349696K, 44% used [0x00000000a0c00000,0x00000000aa25eb70,0x00000000b6180000)
 Metaspace       used 18164K, capacity 18394K, committed 18560K, reserved 1064960K
  class space    used 2248K, capacity 2330K, committed 2432K, reserved 1048576K
}
Event: 50.486 GC heap before
{Heap before GC invocations=4 (full 0):
 PSYoungGen      total 153088K, used 153068K [0x00000000e0400000, 0x00000000f2f00000, 0x0000000100000000)
  eden space 131584K, 100% used [0x00000000e0400000,0x00000000e8480000,0x00000000e8480000)
  from space 21504K, 99% used [0x00000000e8480000,0x00000000e997b0c0,0x00000000e9980000)
  to   space 21504K, 0% used [0x00000000f1a00000,0x00000000f1a00000,0x00000000f2f00000)
 ParOldGen       total 349696K, used 153978K [0x00000000a0c00000, 0x00000000b6180000, 0x00000000e0400000)
  object space 349696K, 44% used [0x00000000a0c00000,0x00000000aa25eb70,0x00000000b6180000)
 Metaspace       used 18164K, capacity 18394K, committed 18560K, reserved 1064960K
  class space    used 2248K, capacity 2330K, committed 2432K, reserved 1048576K
Event: 50.522 GC heap after
Heap after GC invocations=4 (full 0):
 PSYoungGen      total 284672K, used 21493K [0x00000000e0400000, 0x00000000f2f00000, 0x0000000100000000)
  eden space 263168K, 0% used [0x00000000e0400000,0x00000000e0400000,0x00000000f0500000)
  from space 21504K, 99% used [0x00000000f1a00000,0x00000000f2efd6b0,0x00000000f2f00000)
  to   space 21504K, 0% used [0x00000000f0500000,0x00000000f0500000,0x00000000f1a00000)
 ParOldGen       total 349696K, used 219097K [0x00000000a0c00000, 0x00000000b6180000, 0x00000000e0400000)
  object space 349696K, 62% used [0x00000000a0c00000,0x00000000ae1f67c0,0x00000000b6180000)
 Metaspace       used 18164K, capacity 18394K, committed 18560K, reserved 1064960K
  class space    used 2248K, capacity 2330K, committed 2432K, reserved 1048576K
}
Event: 50.680 GC heap before
{Heap before GC invocations=5 (full 0):
 PSYoungGen      total 284672K, used 284661K [0x00000000e0400000, 0x00000000f2f00000, 0x0000000100000000)
  eden space 263168K, 100% used [0x00000000e0400000,0x00000000f0500000,0x00000000f0500000)
  from space 21504K, 99% used [0x00000000f1a00000,0x00000000f2efd6b0,0x00000000f2f00000)
  to   space 21504K, 0% used [0x00000000f0500000,0x00000000f0500000,0x00000000f1a00000)
 ParOldGen       total 349696K, used 219097K [0x00000000a0c00000, 0x00000000b6180000, 0x00000000e0400000)
  object space 349696K, 62% used [0x00000000a0c00000,0x00000000ae1f67c0,0x00000000b6180000)
 Metaspace       used 18166K, capacity 18394K, committed 18560K, reserved 1064960K
  class space    used 2248K, capacity 2330K, committed 2432K, reserved 1048576K

