# JRE version: Java(TM) SE Runtime Environment (8.0_60-b27) (build 1.8.0_60-b27)
# Java VM: Java HotSpot(TM) 64-Bit Server VM (25.60-b23 mixed mode linux-amd64 compressed oops)
Heap:
 PSYoungGen      total 251904K, used 0K [0x00000000ebe00000, 0x00000000ffc00000, 0x0000000100000000)
  eden space 200192K, 0% used [0x00000000ebe00000,0x00000000ebe00000,0x00000000f8180000)
  from space 51712K, 0% used [0x00000000f8180000,0x00000000f8180000,0x00000000fb400000)
  to   space 53248K, 0% used [0x00000000fc800000,0x00000000fc800000,0x00000000ffc00000)
 ParOldGen       total 109568K, used 97394K [0x00000000c3a00000, 0x00000000ca500000, 0x00000000ebe00000)
  object space 109568K, 88% used [0x00000000c3a00000,0x00000000c991c890,0x00000000ca500000)
 Metaspace       used 17617K, capacity 17840K, committed 17920K, reserved 1064960K
  class space    used 2191K, capacity 2297K, committed 2304K, reserved 1048576K
GC Heap History (10 events):
Event: 30.254 GC heap after
Heap after GC invocations=21 (full 2):
 PSYoungGen      total 218112K, used 44119K [0x00000000ebe00000, 0x00000000fdd00000, 0x0000000100000000)
  eden space 165376K, 0% used [0x00000000ebe00000,0x00000000ebe00000,0x00000000f5f80000)
  from space 52736K, 83% used [0x00000000f5f80000,0x00000000f8a95c10,0x00000000f9300000)
  to   space 56320K, 0% used [0x00000000fa600000,0x00000000fa600000,0x00000000fdd00000)
 ParOldGen       total 109568K, used 73175K [0x00000000c3a00000, 0x00000000ca500000, 0x00000000ebe00000)
  object space 109568K, 66% used [0x00000000c3a00000,0x00000000c8175e70,0x00000000ca500000)
 Metaspace       used 17608K, capacity 17840K, committed 17920K, reserved 1064960K
  class space    used 2191K, capacity 2297K, committed 2304K, reserved 1048576K
}
Event: 30.595 GC heap before
{Heap before GC invocations=22 (full 2):
 PSYoungGen      total 218112K, used 209495K [0x00000000ebe00000, 0x00000000fdd00000, 0x0000000100000000)
  eden space 165376K, 100% used [0x00000000ebe00000,0x00000000f5f80000,0x00000000f5f80000)
  from space 52736K, 83% used [0x00000000f5f80000,0x00000000f8a95c10,0x00000000f9300000)
  to   space 56320K, 0% used [0x00000000fa600000,0x00000000fa600000,0x00000000fdd00000)
 ParOldGen       total 109568K, used 73175K [0x00000000c3a00000, 0x00000000ca500000, 0x00000000ebe00000)
  object space 109568K, 66% used [0x00000000c3a00000,0x00000000c8175e70,0x00000000ca500000)
 Metaspace       used 17617K, capacity 17840K, committed 17920K, reserved 1064960K
  class space    used 2191K, capacity 2297K, committed 2304K, reserved 1048576K
Event: 30.636 GC heap after
Heap after GC invocations=22 (full 2):
 PSYoungGen      total 237568K, used 33295K [0x00000000ebe00000, 0x00000000fdb80000, 0x0000000100000000)
  eden space 182784K, 0% used [0x00000000ebe00000,0x00000000ebe00000,0x00000000f7080000)
  from space 54784K, 60% used [0x00000000fa600000,0x00000000fc683df0,0x00000000fdb80000)
  to   space 54784K, 0% used [0x00000000f7080000,0x00000000f7080000,0x00000000fa600000)
 ParOldGen       total 109568K, used 73175K [0x00000000c3a00000, 0x00000000ca500000, 0x00000000ebe00000)
  object space 109568K, 66% used [0x00000000c3a00000,0x00000000c8175e70,0x00000000ca500000)
 Metaspace       used 17617K, capacity 17840K, committed 17920K, reserved 1064960K
  class space    used 2191K, capacity 2297K, committed 2304K, reserved 1048576K
}
Event: 30.999 GC heap before
{Heap before GC invocations=23 (full 2):
 PSYoungGen      total 237568K, used 216079K [0x00000000ebe00000, 0x00000000fdb80000, 0x0000000100000000)
  eden space 182784K, 100% used [0x00000000ebe00000,0x00000000f7080000,0x00000000f7080000)
  from space 54784K, 60% used [0x00000000fa600000,0x00000000fc683df0,0x00000000fdb80000)
  to   space 54784K, 0% used [0x00000000f7080000,0x00000000f7080000,0x00000000fa600000)
 ParOldGen       total 109568K, used 73175K [0x00000000c3a00000, 0x00000000ca500000, 0x00000000ebe00000)
  object space 109568K, 66% used [0x00000000c3a00000,0x00000000c8175e70,0x00000000ca500000)
 Metaspace       used 17617K, capacity 17840K, committed 17920K, reserved 1064960K
  class space    used 2191K, capacity 2297K, committed 2304K, reserved 1048576K
Event: 31.015 GC heap after
Heap after GC invocations=23 (full 2):
 PSYoungGen      total 237568K, used 33295K [0x00000000ebe00000, 0x00000000fea80000, 0x0000000100000000)
  eden space 182784K, 0% used [0x00000000ebe00000,0x00000000ebe00000,0x00000000f7080000)
  from space 54784K, 60% used [0x00000000f7080000,0x00000000f9103df0,0x00000000fa600000)
  to   space 53760K, 0% used [0x00000000fb600000,0x00000000fb600000,0x00000000fea80000)
 ParOldGen       total 109568K, used 73175K [0x00000000c3a00000, 0x00000000ca500000, 0x00000000ebe00000)
  object space 109568K, 66% used [0x00000000c3a00000,0x00000000c8175e70,0x00000000ca500000)
 Metaspace       used 17617K, capacity 17840K, committed 17920K, reserved 1064960K
  class space    used 2191K, capacity 2297K, committed 2304K, reserved 1048576K
}
Event: 31.364 GC heap before
{Heap before GC invocations=24 (full 2):
 PSYoungGen      total 237568K, used 216079K [0x00000000ebe00000, 0x00000000fea80000, 0x0000000100000000)
  eden space 182784K, 100% used [0x00000000ebe00000,0x00000000f7080000,0x00000000f7080000)
  from space 54784K, 60% used [0x00000000f7080000,0x00000000f9103df0,0x00000000fa600000)
  to   space 53760K, 0% used [0x00000000fb600000,0x00000000fb600000,0x00000000fea80000)
 ParOldGen       total 109568K, used 73175K [0x00000000c3a00000, 0x00000000ca500000, 0x00000000ebe00000)
  object space 109568K, 66% used [0x00000000c3a00000,0x00000000c8175e70,0x00000000ca500000)
 Metaspace       used 17617K, capacity 17840K, committed 17920K, reserved 1064960K
  class space    used 2191K, capacity 2297K, committed 2304K, reserved 1048576K
Event: 31.387 GC heap after
Heap after GC invocations=24 (full 2):
 PSYoungGen      total 249856K, used 28296K [0x00000000ebe00000, 0x00000000fe680000, 0x0000000100000000)
  eden space 200192K, 0% used [0x00000000ebe00000,0x00000000ebe00000,0x00000000f8180000)
  from space 49664K, 56% used [0x00000000fb600000,0x00000000fd1a2000,0x00000000fe680000)
  to   space 51712K, 0% used [0x00000000f8180000,0x00000000f8180000,0x00000000fb400000)
 ParOldGen       total 109568K, used 78207K [0x00000000c3a00000, 0x00000000ca500000, 0x00000000ebe00000)
  object space 109568K, 71% used [0x00000000c3a00000,0x00000000c865fc60,0x00000000ca500000)
 Metaspace       used 17617K, capacity 17840K, committed 17920K, reserved 1064960K
  class space    used 2191K, capacity 2297K, committed 2304K, reserved 1048576K
}
Event: 31.864 GC heap before
{Heap before GC invocations=25 (full 2):
 PSYoungGen      total 249856K, used 228488K [0x00000000ebe00000, 0x00000000fe680000, 0x0000000100000000)
  eden space 200192K, 100% used [0x00000000ebe00000,0x00000000f8180000,0x00000000f8180000)
  from space 49664K, 56% used [0x00000000fb600000,0x00000000fd1a2000,0x00000000fe680000)
  to   space 51712K, 0% used [0x00000000f8180000,0x00000000f8180000,0x00000000fb400000)
 ParOldGen       total 109568K, used 78207K [0x00000000c3a00000, 0x00000000ca500000, 0x00000000ebe00000)
  object space 109568K, 71% used [0x00000000c3a00000,0x00000000c865fc60,0x00000000ca500000)
 Metaspace       used 17617K, capacity 17840K, committed 17920K, reserved 1064960K
  class space    used 2191K, capacity 2297K, committed 2304K, reserved 1048576K
Event: 31.910 GC heap after
Heap after GC invocations=25 (full 2):
 PSYoungGen      total 251904K, used 8905K [0x00000000ebe00000, 0x00000000ffc00000, 0x0000000100000000)
  eden space 200192K, 0% used [0x00000000ebe00000,0x00000000ebe00000,0x00000000f8180000)
  from space 51712K, 17% used [0x00000000f8180000,0x00000000f8a324f0,0x00000000fb400000)
  to   space 53248K, 0% used [0x00000000fc800000,0x00000000fc800000,0x00000000ffc00000)
 ParOldGen       total 109568K, used 97677K [0x00000000c3a00000, 0x00000000ca500000, 0x00000000ebe00000)
  object space 109568K, 89% used [0x00000000c3a00000,0x00000000c9963770,0x00000000ca500000)
 Metaspace       used 17617K, capacity 17840K, committed 17920K, reserved 1064960K
  class space    used 2191K, capacity 2297K, committed 2304K, reserved 1048576K
}
Event: 31.921 GC heap before
{Heap before GC invocations=26 (full 3):
 PSYoungGen      total 251904K, used 8905K [0x00000000ebe00000, 0x00000000ffc00000, 0x0000000100000000)
  eden space 200192K, 0% used [0x00000000ebe00000,0x00000000ebe00000,0x00000000f8180000)
  from space 51712K, 17% used [0x00000000f8180000,0x00000000f8a324f0,0x00000000fb400000)
  to   space 53248K, 0% used [0x00000000fc800000,0x00000000fc800000,0x00000000ffc00000)
 ParOldGen       total 109568K, used 97677K [0x00000000c3a00000, 0x00000000ca500000, 0x00000000ebe00000)
  object space 109568K, 89% used [0x00000000c3a00000,0x00000000c9963770,0x00000000ca500000)
 Metaspace       used 17617K, capacity 17840K, committed 17920K, reserved 1064960K
  class space    used 2191K, capacity 2297K, committed 2304K, reserved 1048576K

